build/app/intermediates/manifest_merge_blame_file/release/manifest-merger-blame-release-report.txt
1<?xml version="1.0" encoding="utf-8"?>
2<manifest xmlns:android="http://schemas.android.com/apk/res/android"
3    package="com.example.tugas_akhir"
4    android:versionCode="1"
5    android:versionName="1.0.0" >
6
7    <uses-sdk
8        android:minSdkVersion="16"
8-->src\main\AndroidManifest.xml
9        android:targetSdkVersion="30" />
9-->src\main\AndroidManifest.xml
10
11    <uses-permission android:name="android.permission.INTERNET" />
11-->src\main\AndroidManifest.xml:3:5-66
11-->src\main\AndroidManifest.xml:3:22-64
12    <uses-permission android:name="android.permission.READ_INTERNAL_STORAGE" />
12-->src\main\AndroidManifest.xml:4:5-80
12-->src\main\AndroidManifest.xml:4:22-77
13    <uses-permission android:name="android.permission.CAMERA" />
13-->src\main\AndroidManifest.xml:5:5-64
13-->src\main\AndroidManifest.xml:5:22-62
14
15    <queries>
15-->src\main\AndroidManifest.xml:6:5-12:15
16
17        <!-- If your app opens https URLs -->
18        <intent>
18-->src\main\AndroidManifest.xml:8:7-11:16
19            <action android:name="android.intent.action.VIEW" />
19-->src\main\AndroidManifest.xml:9:9-61
19-->src\main\AndroidManifest.xml:9:17-58
20
21            <data android:scheme="https" />
21-->src\main\AndroidManifest.xml:10:9-40
21-->src\main\AndroidManifest.xml:10:15-37
22        </intent>
23    </queries>
24
25    <uses-permission android:name="android.permission.READ_EXTERNAL_STORAGE" />
25-->[:image_picker] AndroidManifest.xml:7:5-80
25-->[:image_picker] AndroidManifest.xml:7:22-77
26    <uses-permission android:name="android.permission.WRITE_EXTERNAL_STORAGE" />
26-->[:image_picker] AndroidManifest.xml:8:5-81
26-->[:image_picker] AndroidManifest.xml:8:22-78
27
28    <application
28-->src\main\AndroidManifest.xml:13:5-50:19
29        android:appComponentFactory="androidx.core.app.CoreComponentFactory"
29-->[androidx.core:core:1.5.0] AndroidManifest.xml:24:18-86
30        android:icon="@mipmap/ic_launcher"
30-->src\main\AndroidManifest.xml:15:9-43
31        android:label="tugas_akhir" >
31-->src\main\AndroidManifest.xml:14:9-36
32        <activity
32-->src\main\AndroidManifest.xml:16:9-44:20
33            android:name="com.example.tugas_akhir.MainActivity"
33-->src\main\AndroidManifest.xml:17:13-41
34            android:configChanges="orientation|keyboardHidden|keyboard|screenSize|smallestScreenSize|locale|layoutDirection|fontScale|screenLayout|density|uiMode"
34-->src\main\AndroidManifest.xml:20:13-163
35            android:hardwareAccelerated="true"
35-->src\main\AndroidManifest.xml:21:13-47
36            android:launchMode="singleTop"
36-->src\main\AndroidManifest.xml:18:13-43
37            android:theme="@style/LaunchTheme"
37-->src\main\AndroidManifest.xml:19:13-47
38            android:windowSoftInputMode="adjustResize" >
38-->src\main\AndroidManifest.xml:22:13-55
39
40            <!--
41                 Specifies an Android theme to apply to this Activity as soon as
42                 the Android process has started. This theme is visible to the user
43                 while the Flutter UI initializes. After that, this theme continues
44                 to determine the Window background behind the Flutter UI.
45            -->
46            <meta-data
46-->src\main\AndroidManifest.xml:27:13-30:17
47                android:name="io.flutter.embedding.android.NormalTheme"
47-->src\main\AndroidManifest.xml:28:15-70
48                android:resource="@style/NormalTheme" />
48-->src\main\AndroidManifest.xml:29:15-52
49            <!--
50                 Displays an Android View that continues showing the launch screen
51                 Drawable until Flutter paints its first frame, then this splash
52                 screen fades out. A splash screen is useful to avoid any visual
53                 gap between the end of Android's launch screen and the painting of
54                 Flutter's first frame.
55            -->
56            <meta-data
56-->src\main\AndroidManifest.xml:36:13-39:17
57                android:name="io.flutter.embedding.android.SplashScreenDrawable"
57-->src\main\AndroidManifest.xml:37:15-79
58                android:resource="@drawable/launch_background" />
58-->src\main\AndroidManifest.xml:38:15-61
59
60            <intent-filter>
60-->src\main\AndroidManifest.xml:40:13-43:29
61                <action android:name="android.intent.action.MAIN" />
61-->src\main\AndroidManifest.xml:41:17-68
61-->src\main\AndroidManifest.xml:41:25-66
62
63                <category android:name="android.intent.category.LAUNCHER" />
63-->src\main\AndroidManifest.xml:42:17-76
63-->src\main\AndroidManifest.xml:42:27-74
64            </intent-filter>
65        </activity>
66        <!--
67             Don't delete the meta-data below.
68             This is used by the Flutter tool to generate GeneratedPluginRegistrant.java
69        -->
70        <meta-data
70-->src\main\AndroidManifest.xml:47:9-49:33
71            android:name="flutterEmbedding"
71-->src\main\AndroidManifest.xml:48:13-44
72            android:value="2" />
72-->src\main\AndroidManifest.xml:49:13-30
73
74        <provider
74-->[:image_picker] AndroidManifest.xml:11:9-19:20
75            android:name="io.flutter.plugins.imagepicker.ImagePickerFileProvider"
75-->[:image_picker] AndroidManifest.xml:12:13-82
76            android:authorities="com.example.tugas_akhir.flutter.image_provider"
76-->[:image_picker] AndroidManifest.xml:13:13-74
77            android:exported="false"
77-->[:image_picker] AndroidManifest.xml:14:13-37
78            android:grantUriPermissions="true" >
78-->[:image_picker] AndroidManifest.xml:15:13-47
79            <meta-data
79-->[:image_picker] AndroidManifest.xml:16:13-18:75
80                android:name="android.support.FILE_PROVIDER_PATHS"
80-->[:image_picker] AndroidManifest.xml:17:17-67
81                android:resource="@xml/flutter_image_picker_file_paths" />
81-->[:image_picker] AndroidManifest.xml:18:17-72
82        </provider>
83
84        <activity
84-->[:url_launcher] AndroidManifest.xml:8:9-11:74
85            android:name="io.flutter.plugins.urllauncher.WebViewActivity"
85-->[:url_launcher] AndroidManifest.xml:9:13-74
86            android:exported="false"
86-->[:url_launcher] AndroidManifest.xml:10:13-37
87            android:theme="@android:style/Theme.NoTitleBar.Fullscreen" />
87-->[:url_launcher] AndroidManifest.xml:11:13-71
88    </application>
89
90</manifest>